<?xml version="1.0" encoding="UTF-8"?>
<!-- Generated by org.testng.reporters.JUnitReportReporter -->
<testsuite hostname="LAPTOP-OUQU79M3" failures="0" tests="1" name="com.qa.testscripts.SwagLogin_01" time="4.624" errors="0" timestamp="2022-11-14T10:12:48 IST" skipped="0">
  <testcase classname="com.qa.testscripts.SwagLogin_01" name="login" time="4.624"/>
  <system-out/>
</testsuite> <!-- com.qa.testscripts.SwagLogin_01 -->
