<?xml version="1.0" encoding="UTF-8"?>
<!-- Generated by org.testng.reporters.JUnitReportReporter -->
<testsuite hostname="LAPTOP-OUQU79M3" failures="0" tests="2" name="com.qa.testscripts.SwagLoginCart_01" time="14.637" errors="0" timestamp="2022-11-14T10:12:47 IST" skipped="0">
  <testcase classname="com.qa.testscripts.SwagLoginCart_01" name="login" time="4.563"/>
  <system-out/>
  <testcase classname="com.qa.testscripts.SwagLoginCart_01" name="cart" time="10.074"/>
  <system-out/>
</testsuite> <!-- com.qa.testscripts.SwagLoginCart_01 -->
