<?xml version="1.0" encoding="UTF-8"?>
<!-- Generated by org.testng.reporters.JUnitReportReporter -->
<testsuite hostname="LAPTOP-OUQU79M3" failures="0" tests="3" name="com.qa.testscripts.SwagLogout_02" time="16.774" errors="0" timestamp="2022-11-14T10:12:48 IST" skipped="0">
  <testcase classname="com.qa.testscripts.SwagLogout_02" name="login" time="4.566"/>
  <system-out/>
  <testcase classname="com.qa.testscripts.SwagLogout_02" name="cart" time="10.105"/>
  <system-out/>
  <testcase classname="com.qa.testscripts.SwagLogout_02" name="logout" time="2.103"/>
  <system-out/>
</testsuite> <!-- com.qa.testscripts.SwagLogout_02 -->
